2026-05-15T13:33:10+00:00 DEBUG Tt4b_Pixel_Class::inject_add_to_cart_event: hit AddToCart
2026-05-15T13:33:10+00:00 DEBUG Tt4b_Pixel_Class::inject_add_to_cart_event: Missing option "access_token"
2026-05-15T13:33:40+00:00 DEBUG Tt4b_Pixel_Class::inject_add_to_cart_event: hit AddToCart
2026-05-15T13:33:40+00:00 DEBUG Tt4b_Pixel_Class::inject_add_to_cart_event: Missing option "access_token"
2026-05-15T13:33:51+00:00 DEBUG Tt4b_Pixel_Class::inject_add_to_cart_event: hit AddToCart
2026-05-15T13:33:51+00:00 DEBUG Tt4b_Pixel_Class::inject_add_to_cart_event: Missing option "access_token"
2026-05-15T13:34:03+00:00 DEBUG Tt4b_Pixel_Class::inject_add_to_cart_event: hit AddToCart
2026-05-15T13:34:03+00:00 DEBUG Tt4b_Pixel_Class::inject_add_to_cart_event: Missing option "access_token"
2026-05-15T13:35:18+00:00 DEBUG Tt4b_Pixel_Class::inject_add_to_cart_event: hit AddToCart
2026-05-15T13:35:18+00:00 DEBUG Tt4b_Pixel_Class::inject_add_to_cart_event: Missing option "access_token"
2026-05-15T13:35:30+00:00 DEBUG Tt4b_Pixel_Class::inject_initiate_checkout_event: hit InitiateCheckout
2026-05-15T13:35:30+00:00 DEBUG Tt4b_Pixel_Class::inject_initiate_checkout_event: Missing option "access_token"
2026-05-15T13:36:00+00:00 DEBUG Tt4b_Pixel_Class::inject_purchase_event: hit Purchase
2026-05-15T13:36:00+00:00 DEBUG Tt4b_Pixel_Class::inject_purchase_event: Missing option "access_token"
2026-05-15T13:46:25+00:00 DEBUG Tt4b_Pixel_Class::inject_add_to_cart_event: hit AddToCart
2026-05-15T13:46:25+00:00 DEBUG Tt4b_Pixel_Class::inject_add_to_cart_event: Missing option "access_token"
2026-05-15T14:12:09+00:00 DEBUG Tt4b_Pixel_Class::inject_view_content_event: hit ViewContent
2026-05-15T14:12:09+00:00 DEBUG Tt4b_Pixel_Class::inject_view_content_event: Missing option "access_token"
2026-05-15T14:39:52+00:00 DEBUG Tt4b_Pixel_Class::inject_initiate_checkout_event: hit InitiateCheckout
2026-05-15T14:39:52+00:00 DEBUG Tt4b_Pixel_Class::inject_initiate_checkout_event: Missing option "access_token"
2026-05-15T14:45:03+00:00 DEBUG Tt4b_Pixel_Class::inject_initiate_checkout_event: hit InitiateCheckout
2026-05-15T14:45:03+00:00 DEBUG Tt4b_Pixel_Class::inject_initiate_checkout_event: Missing option "access_token"
2026-05-15T14:53:57+00:00 DEBUG Tt4b_Pixel_Class::inject_add_to_cart_event: hit AddToCart
2026-05-15T14:53:57+00:00 DEBUG Tt4b_Pixel_Class::inject_add_to_cart_event: Missing option "access_token"
2026-05-15T14:56:04+00:00 DEBUG Tt4b_Pixel_Class::inject_initiate_checkout_event: hit InitiateCheckout
2026-05-15T14:56:04+00:00 DEBUG Tt4b_Pixel_Class::inject_initiate_checkout_event: Missing option "access_token"
2026-05-15T14:56:15+00:00 DEBUG Tt4b_Pixel_Class::inject_initiate_checkout_event: hit InitiateCheckout
2026-05-15T14:56:15+00:00 DEBUG Tt4b_Pixel_Class::inject_initiate_checkout_event: Missing option "access_token"
2026-05-15T15:31:28+00:00 DEBUG Tt4b_Pixel_Class::inject_add_to_cart_event: hit AddToCart
2026-05-15T15:31:28+00:00 DEBUG Tt4b_Pixel_Class::inject_add_to_cart_event: Missing option "access_token"
2026-05-15T15:31:36+00:00 DEBUG Tt4b_Pixel_Class::inject_initiate_checkout_event: hit InitiateCheckout
2026-05-15T15:31:36+00:00 DEBUG Tt4b_Pixel_Class::inject_initiate_checkout_event: Missing option "access_token"
2026-05-15T15:41:10+00:00 DEBUG Tt4b_Pixel_Class::inject_initiate_checkout_event: hit InitiateCheckout
2026-05-15T15:41:10+00:00 DEBUG Tt4b_Pixel_Class::inject_initiate_checkout_event: Missing option "access_token"
2026-05-15T15:41:28+00:00 DEBUG Tt4b_Pixel_Class::inject_initiate_checkout_event: hit InitiateCheckout
2026-05-15T15:41:28+00:00 DEBUG Tt4b_Pixel_Class::inject_initiate_checkout_event: Missing option "access_token"
2026-05-15T15:41:45+00:00 DEBUG Tt4b_Pixel_Class::inject_purchase_event: hit Purchase
2026-05-15T15:41:45+00:00 DEBUG Tt4b_Pixel_Class::inject_purchase_event: Missing option "access_token"
2026-05-15T15:50:09+00:00 DEBUG Tt4b_Pixel_Class::inject_add_to_cart_event: hit AddToCart
2026-05-15T15:50:09+00:00 DEBUG Tt4b_Pixel_Class::inject_add_to_cart_event: Missing option "access_token"
2026-05-15T15:50:20+00:00 DEBUG Tt4b_Pixel_Class::inject_initiate_checkout_event: hit InitiateCheckout
2026-05-15T15:50:20+00:00 DEBUG Tt4b_Pixel_Class::inject_initiate_checkout_event: Missing option "access_token"
2026-05-15T15:52:30+00:00 DEBUG Tt4b_Pixel_Class::inject_initiate_checkout_event: hit InitiateCheckout
2026-05-15T15:52:30+00:00 DEBUG Tt4b_Pixel_Class::inject_initiate_checkout_event: Missing option "access_token"
2026-05-15T15:53:06+00:00 DEBUG Tt4b_Pixel_Class::inject_initiate_checkout_event: hit InitiateCheckout
2026-05-15T15:53:06+00:00 DEBUG Tt4b_Pixel_Class::inject_initiate_checkout_event: Missing option "access_token"
2026-05-15T15:53:39+00:00 DEBUG Tt4b_Pixel_Class::inject_purchase_event: hit Purchase
2026-05-15T15:53:39+00:00 DEBUG Tt4b_Pixel_Class::inject_purchase_event: Missing option "access_token"
2026-05-15T15:56:01+00:00 DEBUG Tt4b_Pixel_Class::inject_add_to_cart_event: hit AddToCart
2026-05-15T15:56:01+00:00 DEBUG Tt4b_Pixel_Class::inject_add_to_cart_event: Missing option "access_token"
2026-05-15T15:57:03+00:00 DEBUG Tt4b_Pixel_Class::inject_initiate_checkout_event: hit InitiateCheckout
2026-05-15T15:57:03+00:00 DEBUG Tt4b_Pixel_Class::inject_initiate_checkout_event: Missing option "access_token"
2026-05-15T16:36:51+00:00 DEBUG Tt4b_Pixel_Class::inject_initiate_checkout_event: hit InitiateCheckout
2026-05-15T16:36:51+00:00 DEBUG Tt4b_Pixel_Class::inject_initiate_checkout_event: Missing option "access_token"
2026-05-15T17:12:58+00:00 DEBUG Tt4b_Pixel_Class::inject_view_content_event: hit ViewContent
2026-05-15T17:12:58+00:00 DEBUG Tt4b_Pixel_Class::inject_view_content_event: Missing option "access_token"
2026-05-15T17:13:14+00:00 DEBUG Tt4b_Pixel_Class::inject_add_to_cart_event: hit AddToCart
2026-05-15T17:13:14+00:00 DEBUG Tt4b_Pixel_Class::inject_add_to_cart_event: Missing option "access_token"
2026-05-15T17:13:14+00:00 DEBUG Tt4b_Pixel_Class::inject_view_content_event: hit ViewContent
2026-05-15T17:13:14+00:00 DEBUG Tt4b_Pixel_Class::inject_view_content_event: Missing option "access_token"
2026-05-15T17:21:40+00:00 DEBUG Tt4b_Pixel_Class::inject_view_content_event: hit ViewContent
2026-05-15T17:21:40+00:00 DEBUG Tt4b_Pixel_Class::inject_view_content_event: Missing option "access_token"
2026-05-15T17:24:15+00:00 DEBUG Tt4b_Pixel_Class::inject_view_content_event: hit ViewContent
2026-05-15T17:24:15+00:00 DEBUG Tt4b_Pixel_Class::inject_view_content_event: Missing option "access_token"
2026-05-15T17:24:29+00:00 DEBUG Tt4b_Pixel_Class::inject_view_content_event: hit ViewContent
2026-05-15T17:24:29+00:00 DEBUG Tt4b_Pixel_Class::inject_view_content_event: Missing option "access_token"
2026-05-15T17:27:03+00:00 DEBUG Tt4b_Pixel_Class::inject_view_content_event: hit ViewContent
2026-05-15T17:27:03+00:00 DEBUG Tt4b_Pixel_Class::inject_view_content_event: Missing option "access_token"
2026-05-15T19:15:55+00:00 DEBUG Tt4b_Pixel_Class::inject_view_content_event: hit ViewContent
2026-05-15T19:15:55+00:00 DEBUG Tt4b_Pixel_Class::inject_view_content_event: Missing option "access_token"
2026-05-15T19:16:34+00:00 DEBUG Tt4b_Pixel_Class::inject_view_content_event: hit ViewContent
2026-05-15T19:16:34+00:00 DEBUG Tt4b_Pixel_Class::inject_view_content_event: Missing option "access_token"
2026-05-15T19:17:39+00:00 DEBUG Tt4b_Pixel_Class::inject_view_content_event: hit ViewContent
2026-05-15T19:17:39+00:00 DEBUG Tt4b_Pixel_Class::inject_view_content_event: Missing option "access_token"
2026-05-15T19:17:56+00:00 DEBUG Tt4b_Pixel_Class::inject_view_content_event: hit ViewContent
2026-05-15T19:17:56+00:00 DEBUG Tt4b_Pixel_Class::inject_view_content_event: Missing option "access_token"
2026-05-15T20:16:49+00:00 DEBUG Tt4b_Pixel_Class::inject_view_content_event: hit ViewContent
2026-05-15T20:16:49+00:00 DEBUG Tt4b_Pixel_Class::inject_view_content_event: Missing option "access_token"
2026-05-15T20:19:31+00:00 DEBUG Tt4b_Pixel_Class::inject_view_content_event: hit ViewContent
2026-05-15T20:19:31+00:00 DEBUG Tt4b_Pixel_Class::inject_view_content_event: Missing option "access_token"
2026-05-15T20:24:49+00:00 DEBUG Tt4b_Pixel_Class::inject_initiate_checkout_event: hit InitiateCheckout
2026-05-15T20:24:49+00:00 DEBUG Tt4b_Pixel_Class::inject_initiate_checkout_event: Missing option "access_token"
2026-05-15T20:25:03+00:00 DEBUG Tt4b_Pixel_Class::inject_purchase_event: hit Purchase
2026-05-15T20:25:03+00:00 DEBUG Tt4b_Pixel_Class::inject_purchase_event: Missing option "access_token"
